<?xml version="1.0" encoding="UTF-8"?>
<!-- Generated by org.testng.reporters.JUnitXMLReporter -->
<testsuite ignored="0" hostname="CHL00034" failures="0" tests="8" name="Default test" time="8.738" errors="0" timestamp="2023-11-09T13:39:17 CET">
  <testcase classname="test.java.com.test.suite.JoinUsTester" name="scrollDownPageWithSpeed" time="0.585"/>
  <testcase classname="test.java.com.test.suite.JoinUsTester" name="testJoinUsPage" time="0.836"/>
  <testcase classname="test.java.com.test.suite.ContactTester" name="scrollDownPageWithSpeed" time="0.57"/>
  <testcase classname="test.java.com.test.suite.ContactTester" name="testContactPage" time="0.903"/>
  <testcase classname="test.java.com.test.suite.ServiceTester" name="scrollDownPageWithSpeed" time="0.608"/>
  <testcase classname="test.java.com.test.suite.ServiceTester" name="testServicePage" time="0.861"/>
  <testcase classname="test.java.com.test.suite.HomePageTester" name="scrollDownPageWithSpeed" time="0.582"/>
  <testcase classname="test.java.com.test.suite.HomePageTester" name="testHomePage" time="0.027"/>
</testsuite> <!-- Default test -->
